<?xml version="1.0" encoding="UTF-8"?>
<!-- Generated by org.testng.reporters.JUnitReportReporter -->
<testsuite hostname="LAPTOP-I1C33N4T" failures="0" tests="1" name="com.vtiger.test.vTigerHomePageTest" time="11.620" errors="0" timestamp="2023-07-27T12:41:49 IST" skipped="0">
  <testcase classname="com.vtiger.test.vTigerHomePageTest" name="HomePage" time="11.620"/>
  <system-out>
    <![CDATA[Expected result is pass]]>
  </system-out>
</testsuite> <!-- com.vtiger.test.vTigerHomePageTest -->
